<?xml version="1.0" encoding="UTF-8"?>
<!-- Generated by org.testng.reporters.JUnitReportReporter -->
<testsuite hostname="DESKTOP-UNE8MP0" failures="0" tests="1" name="runner.RunTest" time="167.865" errors="0" timestamp="25 Aug 2019 20:17:22 GMT">
  <testcase classname="runner.RunTest" name="feature" time="167.865"/>
</testsuite> <!-- runner.RunTest -->
